0 info it worked if it ends with ok
1 verbose cli [ 'D:\\tools\\nodejs\\node.exe',
1 verbose cli   'D:\\tools\\nodejs\\node_modules\\npm\\bin\\npm-cli.js',
1 verbose cli   'run',
1 verbose cli   'dev' ]
2 info using npm@3.10.10
3 info using node@v6.11.3
4 verbose run-script [ 'predev', 'dev', 'postdev' ]
5 info lifecycle webpacktest@1.0.0~predev: webpacktest@1.0.0
6 silly lifecycle webpacktest@1.0.0~predev: no script for predev, continuing
7 info lifecycle webpacktest@1.0.0~dev: webpacktest@1.0.0
8 verbose lifecycle webpacktest@1.0.0~dev: unsafe-perm in lifecycle true
9 verbose lifecycle webpacktest@1.0.0~dev: PATH: D:\tools\nodejs\node_modules\npm\bin\node-gyp-bin;D:\workspace\vue\webpacktest\node_modules\.bin;d:\Anaconda3;d:\Anaconda3\Library\mingw-w64\bin;d:\Anaconda3\Library\usr\bin;d:\Anaconda3\Library\bin;d:\Anaconda3\Scripts;C:\WINDOWS\system32;C:\WINDOWS;C:\WINDOWS\System32\Wbem;C:\WINDOWS\System32\WindowsPowerShell\v1.0\;C:\Program Files\MySQL\MySQL Utilities 1.6\;D:\tools\TortoiseGit\bin;D:\tools\nodejs\;d:\tools\Bitvise SSH Client;C:\Program Files\Git\cmd;C:\Android;C:\Windows\System32;C:\WINDOWS\system32\config\systemprofile\.dnx\bin;C:\Program Files\Microsoft DNX\Dnvm\;C:\Program Files\Microsoft SQL Server\120\Tools\Binn\;C:\Program Files\Microsoft SQL Server\130\Tools\Binn\;C:\WINDOWS\System32\OpenSSH\;D:\tools\TortoiseSVN\bin;D:\tools\gradle\gradle-4.10.1\bin;C:\Users\Administrator\AppData\Local\Programs\Python\Python36\Scripts\;C:\Users\Administrator\AppData\Local\Programs\Python\Python36\;d:\tools\Ruby24-x64\bin;C:\Users\Administrator\AppData\Local\Microsoft\WindowsApps;C:\Program Files\Java\jdk1.8.0_131\bin;C:\Users\Administrator\AppData\Roaming\npm;C:\Program Files\git\bin;D:\tools\apache-maven\bin;
10 verbose lifecycle webpacktest@1.0.0~dev: CWD: D:\workspace\vue\webpacktest
11 silly lifecycle webpacktest@1.0.0~dev: Args: [ '/d /s /c',
11 silly lifecycle   'webpack-dev-server --open --port 3000 --contentBase src  --hot' ]
12 verbose stack Error: kill ENOSYS
12 verbose stack     at exports._errnoException (util.js:1020:11)
12 verbose stack     at process.kill (internal/process.js:190:13)
12 verbose stack     at process.listener (D:\tools\nodejs\node_modules\npm\node_modules\npmlog\node_modules\gauge\node_modules\signal-exit\index.js:86:15)
12 verbose stack     at emitNone (events.js:91:20)
12 verbose stack     at process.emit (events.js:185:7)
12 verbose stack     at processEmit (D:\tools\nodejs\node_modules\npm\node_modules\npmlog\node_modules\gauge\node_modules\signal-exit\index.js:146:32)
12 verbose stack     at processEmit (D:\tools\nodejs\node_modules\npm\node_modules\npm-registry-client\node_modules\npmlog\node_modules\gauge\node_modules\signal-exit\index.js:146:32)
12 verbose stack     at Signal.wrap.onsignal (internal/process.js:217:44)
13 verbose cwd D:\workspace\vue\webpacktest
14 error Windows_NT 10.0.17134
15 error argv "D:\\tools\\nodejs\\node.exe" "D:\\tools\\nodejs\\node_modules\\npm\\bin\\npm-cli.js" "run" "dev"
16 error node v6.11.3
17 error npm  v3.10.10
18 error code ENOSYS
19 error errno ENOSYS
20 error syscall kill
21 error kill ENOSYS
22 error If you need help, you may report this error at:
22 error     <https://github.com/npm/npm/issues>
23 verbose exit [ 1, true ]
